[2021-01-11 13:05:53] app.INFO: Protect vendor folder in module contactform [] []
[2021-01-11 13:05:53] app.INFO: Module contactform has no vendor folder [] []
[2021-01-11 13:05:55] app.INFO: Protect vendor folder in module dashactivity [] []
[2021-01-11 13:05:55] app.INFO: Module dashactivity has no vendor folder [] []
[2021-01-11 13:05:58] app.INFO: Protect vendor folder in module dashgoals [] []
[2021-01-11 13:05:58] app.INFO: Module dashgoals has no vendor folder [] []
[2021-01-11 13:05:59] app.INFO: Protect vendor folder in module dashproducts [] []
[2021-01-11 13:05:59] app.INFO: Module dashproducts has no vendor folder [] []
[2021-01-11 13:06:00] app.INFO: Protect vendor folder in module dashtrends [] []
[2021-01-11 13:06:00] app.INFO: Module dashtrends has no vendor folder [] []
[2021-01-11 13:06:01] app.INFO: Protect vendor folder in module graphnvd3 [] []
[2021-01-11 13:06:01] app.INFO: Module graphnvd3 has no vendor folder [] []
[2021-01-11 13:06:01] app.INFO: Protect vendor folder in module gridhtml [] []
[2021-01-11 13:06:01] app.INFO: Module gridhtml has no vendor folder [] []
[2021-01-11 13:06:03] app.INFO: Protect vendor folder in module gsitemap [] []
[2021-01-11 13:06:03] app.INFO: Module gsitemap has no vendor folder [] []
[2021-01-11 13:06:04] app.INFO: Protect vendor folder in module pagesnotfound [] []
[2021-01-11 13:06:05] app.INFO: Module pagesnotfound has no vendor folder [] []
[2021-01-11 13:06:10] app.INFO: Protect vendor folder in module productcomments [] []
[2021-01-11 13:06:10] app.INFO: Module productcomments has no vendor folder [] []
[2021-01-11 13:06:12] app.INFO: Protect vendor folder in module ps_banner [] []
[2021-01-11 13:06:12] app.INFO: Module ps_banner has no vendor folder [] []
[2021-01-11 13:06:13] app.INFO: Protect vendor folder in module ps_categorytree [] []
[2021-01-11 13:06:13] app.INFO: Module ps_categorytree has no vendor folder [] []
[2021-01-11 13:06:15] app.INFO: Protect vendor folder in module ps_checkpayment [] []
[2021-01-11 13:06:15] app.INFO: Module ps_checkpayment has no vendor folder [] []
[2021-01-11 13:06:15] app.INFO: Protect vendor folder in module ps_contactinfo [] []
[2021-01-11 13:06:16] app.INFO: Module ps_contactinfo has no vendor folder [] []
[2021-01-11 13:06:17] app.INFO: Protect vendor folder in module ps_crossselling [] []
[2021-01-11 13:06:17] app.INFO: Module ps_crossselling has no vendor folder [] []
[2021-01-11 13:06:18] app.INFO: Protect vendor folder in module ps_currencyselector [] []
[2021-01-11 13:06:18] app.INFO: Module ps_currencyselector has no vendor folder [] []
[2021-01-11 13:06:18] app.INFO: Protect vendor folder in module ps_customeraccountlinks [] []
[2021-01-11 13:06:18] app.INFO: Module ps_customeraccountlinks has no vendor folder [] []
[2021-01-11 13:06:19] app.INFO: Protect vendor folder in module ps_customersignin [] []
[2021-01-11 13:06:19] app.INFO: Module ps_customersignin has no vendor folder [] []
[2021-01-11 13:06:20] app.INFO: Protect vendor folder in module ps_customtext [] []
[2021-01-11 13:06:21] app.INFO: Module ps_customtext has no vendor folder [] []
[2021-01-11 13:06:22] app.INFO: Protect vendor folder in module ps_dataprivacy [] []
[2021-01-11 13:06:22] app.INFO: Module ps_dataprivacy has no vendor folder [] []
[2021-01-11 13:06:24] app.INFO: Protect vendor folder in module ps_emailsubscription [] []
[2021-01-11 13:06:24] app.INFO: Module ps_emailsubscription has no vendor folder [] []
[2021-01-11 13:06:32] app.INFO: Protect vendor folder in module ps_facetedsearch [] []
[2021-01-11 13:06:32] app.INFO: Module ps_facetedsearch has no vendor folder [] []
[2021-01-11 13:06:34] app.INFO: Protect vendor folder in module ps_faviconnotificationbo [] []
[2021-01-11 13:06:34] app.INFO: Module ps_faviconnotificationbo has no vendor folder [] []
[2021-01-11 13:06:35] app.INFO: Protect vendor folder in module ps_featuredproducts [] []
[2021-01-11 13:06:36] app.INFO: Module ps_featuredproducts has no vendor folder [] []
[2021-01-11 13:06:38] app.INFO: Protect vendor folder in module ps_imageslider [] []
[2021-01-11 13:06:38] app.INFO: Module ps_imageslider has no vendor folder [] []
[2021-01-11 13:06:39] app.INFO: Protect vendor folder in module ps_languageselector [] []
[2021-01-11 13:06:39] app.INFO: Module ps_languageselector has no vendor folder [] []
[2021-01-11 13:06:41] app.INFO: Protect vendor folder in module ps_linklist [] []
[2021-01-11 13:06:41] app.INFO: Module ps_linklist has no vendor folder [] []
[2021-01-11 13:06:42] app.ERROR: Cannot register tab "AdminLinkWidget" because it already exists [] []
[2021-01-11 13:06:45] app.INFO: Protect vendor folder in module ps_mainmenu [] []
[2021-01-11 13:06:45] app.INFO: Module ps_mainmenu has no vendor folder [] []
[2021-01-11 13:06:46] app.INFO: Protect vendor folder in module ps_searchbar [] []
[2021-01-11 13:06:46] app.INFO: Module ps_searchbar has no vendor folder [] []
[2021-01-11 13:06:47] app.INFO: Protect vendor folder in module ps_sharebuttons [] []
[2021-01-11 13:06:47] app.INFO: Module ps_sharebuttons has no vendor folder [] []
[2021-01-11 13:06:49] app.INFO: Protect vendor folder in module ps_shoppingcart [] []
[2021-01-11 13:06:49] app.INFO: Module ps_shoppingcart has no vendor folder [] []
[2021-01-11 13:06:51] app.INFO: Protect vendor folder in module ps_socialfollow [] []
[2021-01-11 13:06:51] app.INFO: Module ps_socialfollow has no vendor folder [] []
[2021-01-11 13:06:53] app.INFO: Protect vendor folder in module ps_themecusto [] []
[2021-01-11 13:06:53] app.INFO: Module ps_themecusto has no vendor folder [] []
[2021-01-11 13:06:55] app.INFO: Protect vendor folder in module ps_wirepayment [] []
[2021-01-11 13:06:55] app.INFO: Module ps_wirepayment has no vendor folder [] []
[2021-01-11 13:06:56] app.INFO: Protect vendor folder in module sekeywords [] []
[2021-01-11 13:06:57] app.INFO: Module sekeywords has no vendor folder [] []
[2021-01-11 13:06:57] app.INFO: Protect vendor folder in module statsbestcategories [] []
[2021-01-11 13:06:57] app.INFO: Module statsbestcategories has no vendor folder [] []
[2021-01-11 13:06:58] app.INFO: Protect vendor folder in module statsbestcustomers [] []
[2021-01-11 13:06:58] app.INFO: Module statsbestcustomers has no vendor folder [] []
[2021-01-11 13:06:58] app.INFO: Protect vendor folder in module statsbestproducts [] []
[2021-01-11 13:06:59] app.INFO: Module statsbestproducts has no vendor folder [] []
[2021-01-11 13:06:59] app.INFO: Protect vendor folder in module statsbestsuppliers [] []
[2021-01-11 13:06:59] app.INFO: Module statsbestsuppliers has no vendor folder [] []
[2021-01-11 13:07:00] app.INFO: Protect vendor folder in module statsbestvouchers [] []
[2021-01-11 13:07:00] app.INFO: Module statsbestvouchers has no vendor folder [] []
[2021-01-11 13:07:00] app.INFO: Protect vendor folder in module statscarrier [] []
[2021-01-11 13:07:00] app.INFO: Module statscarrier has no vendor folder [] []
[2021-01-11 13:07:01] app.INFO: Protect vendor folder in module statscatalog [] []
[2021-01-11 13:07:01] app.INFO: Module statscatalog has no vendor folder [] []
[2021-01-11 13:07:02] app.INFO: Protect vendor folder in module statscheckup [] []
[2021-01-11 13:07:02] app.INFO: Module statscheckup has no vendor folder [] []
[2021-01-11 13:07:03] app.INFO: Protect vendor folder in module statsdata [] []
[2021-01-11 13:07:03] app.INFO: Module statsdata has no vendor folder [] []
[2021-01-11 13:07:03] app.INFO: Protect vendor folder in module statsequipment [] []
[2021-01-11 13:07:03] app.INFO: Module statsequipment has no vendor folder [] []
[2021-01-11 13:07:04] app.INFO: Protect vendor folder in module statsforecast [] []
[2021-01-11 13:07:05] app.INFO: Module statsforecast has no vendor folder [] []
[2021-01-11 13:07:06] app.INFO: Protect vendor folder in module statslive [] []
[2021-01-11 13:07:06] app.INFO: Module statslive has no vendor folder [] []
[2021-01-11 13:07:06] app.INFO: Protect vendor folder in module statsnewsletter [] []
[2021-01-11 13:07:06] app.INFO: Module statsnewsletter has no vendor folder [] []
[2021-01-11 13:07:07] app.INFO: Protect vendor folder in module statsorigin [] []
[2021-01-11 13:07:07] app.INFO: Module statsorigin has no vendor folder [] []
[2021-01-11 13:07:07] app.INFO: Protect vendor folder in module statspersonalinfos [] []
[2021-01-11 13:07:07] app.INFO: Module statspersonalinfos has no vendor folder [] []
[2021-01-11 13:07:08] app.INFO: Protect vendor folder in module statsproduct [] []
[2021-01-11 13:07:08] app.INFO: Module statsproduct has no vendor folder [] []
[2021-01-11 13:07:08] app.INFO: Protect vendor folder in module statsregistrations [] []
[2021-01-11 13:07:09] app.INFO: Module statsregistrations has no vendor folder [] []
[2021-01-11 13:07:09] app.INFO: Protect vendor folder in module statssales [] []
[2021-01-11 13:07:09] app.INFO: Module statssales has no vendor folder [] []
[2021-01-11 13:07:10] app.INFO: Protect vendor folder in module statssearch [] []
[2021-01-11 13:07:11] app.INFO: Module statssearch has no vendor folder [] []
[2021-01-11 13:07:11] app.INFO: Protect vendor folder in module statsstock [] []
[2021-01-11 13:07:11] app.INFO: Module statsstock has no vendor folder [] []
[2021-01-11 13:07:12] app.INFO: Protect vendor folder in module statsvisits [] []
[2021-01-11 13:07:12] app.INFO: Module statsvisits has no vendor folder [] []
[2021-01-11 13:07:13] app.INFO: Protect vendor folder in module welcome [] []
[2021-01-11 13:07:13] app.INFO: Module welcome has no vendor folder [] []
[2021-01-11 13:07:18] app.INFO: Exporting mail with theme modern for language English (English) [] []
[2021-01-11 13:07:18] app.INFO: Core output folder: C:\xampp\htdocs\offwhite/mails [] []
[2021-01-11 13:07:18] app.INFO: Modules output folder: C:\xampp\htdocs\offwhite/modules/ [] []
[2021-01-12 09:29:55] request.INFO: Matched route "admin_product_unit_action". {"route":"admin_product_unit_action","route_parameters":{"_controller":"PrestaShopBundle\\Controller\\Admin\\ProductController::unitAction","action":"delete","id":"1","_route":"admin_product_unit_action"},"request_uri":"http://localhost/offwhite/admin132syoj34/index.php/sell/catalog/products/unit/delete/1?_token=QoR2teyO9qNwe0S9o9mMjAH-qGa_Vc6UzjZjLD1SBOg","method":"POST"} []
[2021-01-12 09:29:57] security.DEBUG: Read existing security token from the session. {"key":"_security_main","token_class":"Symfony\\Component\\Security\\Core\\Authentication\\Token\\UsernamePasswordToken"} []
[2021-01-12 09:29:57] security.DEBUG: User was reloaded from a user provider. {"provider":"PrestaShopBundle\\Security\\Admin\\EmployeeProvider","username":"kenmunenenyga@protonmail.com"} []
[2021-01-12 09:29:58] request.CRITICAL: Uncaught PHP Exception Exception: "AdminProductDataUpdater->deleteProduct() received an unknown ID." at C:\xampp\htdocs\offwhite\src\Adapter\Product\AdminProductDataUpdater.php line 152 {"exception":"[object] (Exception(code: 5005): AdminProductDataUpdater->deleteProduct() received an unknown ID. at C:\\xampp\\htdocs\\offwhite\\src\\Adapter\\Product\\AdminProductDataUpdater.php:152)"} []
[2021-01-12 09:29:58] security.DEBUG: Stored the security token in the session. {"key":"_security_main"} []
[2021-01-12 09:47:41] request.INFO: Matched route "admin_product_unit_action". {"route":"admin_product_unit_action","route_parameters":{"_controller":"PrestaShopBundle\\Controller\\Admin\\ProductController::unitAction","action":"delete","id":"3","_route":"admin_product_unit_action"},"request_uri":"http://localhost/offwhite/admin132syoj34/index.php/sell/catalog/products/unit/delete/3?_token=QoR2teyO9qNwe0S9o9mMjAH-qGa_Vc6UzjZjLD1SBOg","method":"POST"} []
[2021-01-12 09:47:41] security.DEBUG: Read existing security token from the session. {"key":"_security_main","token_class":"Symfony\\Component\\Security\\Core\\Authentication\\Token\\UsernamePasswordToken"} []
[2021-01-12 09:47:41] security.DEBUG: User was reloaded from a user provider. {"provider":"PrestaShopBundle\\Security\\Admin\\EmployeeProvider","username":"kenmunenenyga@protonmail.com"} []
[2021-01-12 09:47:42] request.CRITICAL: Uncaught PHP Exception Exception: "AdminProductDataUpdater->deleteProduct() received an unknown ID." at C:\xampp\htdocs\offwhite\src\Adapter\Product\AdminProductDataUpdater.php line 152 {"exception":"[object] (Exception(code: 5005): AdminProductDataUpdater->deleteProduct() received an unknown ID. at C:\\xampp\\htdocs\\offwhite\\src\\Adapter\\Product\\AdminProductDataUpdater.php:152)"} []
[2021-01-12 09:47:42] security.DEBUG: Stored the security token in the session. {"key":"_security_main"} []
[2021-01-12 09:48:43] request.INFO: Matched route "admin_product_unit_action". {"route":"admin_product_unit_action","route_parameters":{"_controller":"PrestaShopBundle\\Controller\\Admin\\ProductController::unitAction","action":"delete","id":"16","_route":"admin_product_unit_action"},"request_uri":"http://localhost/offwhite/admin132syoj34/index.php/sell/catalog/products/unit/delete/16?_token=QoR2teyO9qNwe0S9o9mMjAH-qGa_Vc6UzjZjLD1SBOg","method":"POST"} []
[2021-01-12 09:48:43] security.DEBUG: Read existing security token from the session. {"key":"_security_main","token_class":"Symfony\\Component\\Security\\Core\\Authentication\\Token\\UsernamePasswordToken"} []
[2021-01-12 09:48:43] security.DEBUG: User was reloaded from a user provider. {"provider":"PrestaShopBundle\\Security\\Admin\\EmployeeProvider","username":"kenmunenenyga@protonmail.com"} []
[2021-01-12 09:48:44] request.CRITICAL: Uncaught PHP Exception Exception: "AdminProductDataUpdater->deleteProduct() received an unknown ID." at C:\xampp\htdocs\offwhite\src\Adapter\Product\AdminProductDataUpdater.php line 152 {"exception":"[object] (Exception(code: 5005): AdminProductDataUpdater->deleteProduct() received an unknown ID. at C:\\xampp\\htdocs\\offwhite\\src\\Adapter\\Product\\AdminProductDataUpdater.php:152)"} []
[2021-01-12 09:48:44] security.DEBUG: Stored the security token in the session. {"key":"_security_main"} []
[2021-01-12 15:18:56] request.INFO: Matched route "admin_module_manage_action". {"route":"admin_module_manage_action","route_parameters":{"_controller":"PrestaShopBundle\\Controller\\Admin\\Improve\\ModuleController::moduleAction","action":"install","module_name":"paypal","_route":"admin_module_manage_action"},"request_uri":"http://localhost/offwhite/admin132syoj34/index.php/improve/modules/manage/action/install/paypal?_token=QoR2teyO9qNwe0S9o9mMjAH-qGa_Vc6UzjZjLD1SBOg","method":"POST"} []
[2021-01-12 15:18:56] security.DEBUG: Read existing security token from the session. {"key":"_security_main","token_class":"Symfony\\Component\\Security\\Core\\Authentication\\Token\\UsernamePasswordToken"} []
[2021-01-12 15:18:56] security.DEBUG: User was reloaded from a user provider. {"provider":"PrestaShopBundle\\Security\\Admin\\EmployeeProvider","username":"kenmunenenyga@protonmail.com"} []
[2021-01-12 15:19:06] app.ERROR: Exception thrown by module paypal on install. Error sent by Addons. You may need to be logged. [] []
[2021-01-12 15:19:08] security.DEBUG: Stored the security token in the session. {"key":"_security_main"} []
[2021-01-12 15:24:21] request.INFO: Matched route "admin_module_manage_action". {"route":"admin_module_manage_action","route_parameters":{"_controller":"PrestaShopBundle\\Controller\\Admin\\Improve\\ModuleController::moduleAction","action":"install","module_name":"paypal","_route":"admin_module_manage_action"},"request_uri":"http://localhost/offwhite/admin132syoj34/index.php/improve/modules/manage/action/install/paypal?_token=QoR2teyO9qNwe0S9o9mMjAH-qGa_Vc6UzjZjLD1SBOg","method":"POST"} []
[2021-01-12 15:24:22] security.DEBUG: Read existing security token from the session. {"key":"_security_main","token_class":"Symfony\\Component\\Security\\Core\\Authentication\\Token\\UsernamePasswordToken"} []
[2021-01-12 15:24:22] security.DEBUG: User was reloaded from a user provider. {"provider":"PrestaShopBundle\\Security\\Admin\\EmployeeProvider","username":"kenmunenenyga@protonmail.com"} []
[2021-01-12 15:24:43] app.ERROR: Exception thrown by module paypal on install. Error sent by Addons. You may need to be logged. [] []
[2021-01-12 15:24:43] security.DEBUG: Stored the security token in the session. {"key":"_security_main"} []
[2021-01-12 16:03:47] request.INFO: Matched route "admin_module_manage_action". {"route":"admin_module_manage_action","route_parameters":{"_controller":"PrestaShopBundle\\Controller\\Admin\\Improve\\ModuleController::moduleAction","action":"install","module_name":"paypal","_route":"admin_module_manage_action"},"request_uri":"http://localhost/offwhite/admin132syoj34/index.php/improve/modules/manage/action/install/paypal?_token=QoR2teyO9qNwe0S9o9mMjAH-qGa_Vc6UzjZjLD1SBOg","method":"POST"} []
[2021-01-12 16:03:47] security.DEBUG: Read existing security token from the session. {"key":"_security_main","token_class":"Symfony\\Component\\Security\\Core\\Authentication\\Token\\UsernamePasswordToken"} []
[2021-01-12 16:03:47] security.DEBUG: User was reloaded from a user provider. {"provider":"PrestaShopBundle\\Security\\Admin\\EmployeeProvider","username":"kenmunenenyga@protonmail.com"} []
[2021-01-12 16:03:55] app.ERROR: Exception thrown by module paypal on install. Error sent by Addons. You may need to be logged. [] []
[2021-01-12 16:03:55] security.DEBUG: Stored the security token in the session. {"key":"_security_main"} []
[2021-01-12 16:33:25] request.CRITICAL: Uncaught PHP Exception Symfony\Component\Debug\Exception\FatalErrorException: "Error: Maximum execution time of 120 seconds exceeded" at C:\xampp\htdocs\offwhite\vendor\symfony\symfony\src\Symfony\Component\Routing\Route.php line 424 {"exception":"[object] (Symfony\\Component\\Debug\\Exception\\FatalErrorException(code: 0): Error: Maximum execution time of 120 seconds exceeded at C:\\xampp\\htdocs\\offwhite\\vendor\\symfony\\symfony\\src\\Symfony\\Component\\Routing\\Route.php:424)"} []
[2021-01-12 16:33:27] request.CRITICAL: Exception thrown when handling an exception (Twig\Error\RuntimeError: An exception has been thrown during the rendering of a template ("Cannot load resource "C:\xampp\htdocs\offwhite\app/config/routing.yml"."). at C:\xampp\htdocs\offwhite\src\PrestaShopBundle\Resources\views\Admin\Exception\error.html.twig line 60) {"exception":"[object] (Twig\\Error\\RuntimeError(code: 0): An exception has been thrown during the rendering of a template (\"Cannot load resource \"C:\\xampp\\htdocs\\offwhite\\app/config/routing.yml\".\"). at C:\\xampp\\htdocs\\offwhite\\src\\PrestaShopBundle\\Resources\\views\\Admin\\Exception\\error.html.twig:60, Symfony\\Component\\Config\\Exception\\FileLoaderLoadException(code: 0): Cannot load resource \"C:\\xampp\\htdocs\\offwhite\\app/config/routing.yml\". at C:\\xampp\\htdocs\\offwhite\\vendor\\symfony\\symfony\\src\\Symfony\\Bundle\\FrameworkBundle\\Routing\\DelegatingLoader.php:65)"} []
